WARNING: KICAD7_SYMBOL_DIR environment variable is missing, so the default KiCad symbol libraries won't be searched. @ [/home/dave/dev/angry_squealing_duck/<frozen importlib._bootstrap_external>:1026=>/home/dave/dev/angry_squealing_duck/<frozen importlib._bootstrap>:488]
WARNING: KICAD9_SYMBOL_DIR environment variable is missing, so the default KiCad symbol libraries won't be searched. @ [/home/dave/dev/angry_squealing_duck/<frozen importlib._bootstrap_external>:1026=>/home/dave/dev/angry_squealing_duck/<frozen importlib._bootstrap>:488]
WARNING: KICAD_SYMBOL_DIR environment variable is missing, so the default KiCad symbol libraries won't be searched. @ [/home/dave/dev/angry_squealing_duck/<frozen importlib._bootstrap_external>:1026=>/home/dave/dev/angry_squealing_duck/<frozen importlib._bootstrap>:488]
WARNING: KICAD6_SYMBOL_DIR environment variable is missing, so the default KiCad symbol libraries won't be searched. @ [/home/dave/dev/angry_squealing_duck/<frozen importlib._bootstrap_external>:1026=>/home/dave/dev/angry_squealing_duck/<frozen importlib._bootstrap>:488]
WARNING: fp-lib-table file was not found. Component footprints are not available.
WARNING: fp-lib-table file was not found. Component footprints are not available.
WARNING: fp-lib-table file was not found. Component footprints are not available.
WARNING: fp-lib-table file was not found. Component footprints are not available.
WARNING: Missing tag on TL074 instantiated at /home/dave/dev/angry_squealing_duck/kicad/duck.py:49.
WARNING: Random tag fFgFKeu6jC generated for TL074.
WARNING: Missing tag on TL074 instantiated at /home/dave/dev/angry_squealing_duck/kicad/duck.py:49.
WARNING: Random tag S8ebCz54ib generated for TL074.
WARNING: Missing tag on TL074 instantiated at /home/dave/dev/angry_squealing_duck/kicad/duck.py:49.
WARNING: Random tag 4aiePwTQ4U generated for TL074.
WARNING: Missing tag on TL074 instantiated at /home/dave/dev/angry_squealing_duck/kicad/duck.py:49.
WARNING: Random tag aBFcjoRWBX generated for TL074.
WARNING: Missing tag on TL074 instantiated at /home/dave/dev/angry_squealing_duck/kicad/duck.py:49.
WARNING: Random tag 8hCy6navFV generated for TL074.
WARNING: Missing tag on TL074 instantiated at /home/dave/dev/angry_squealing_duck/kicad/duck.py:49.
WARNING: Random tag mpuw8IlrLK generated for TL074.
WARNING: Missing tag on Barrel_Jack instantiated at /home/dave/dev/angry_squealing_duck/kicad/duck.py:72.
WARNING: Random tag njaZEdQFDj generated for Barrel_Jack.
WARNING: Missing tag on 1N4148 instantiated at /home/dave/dev/angry_squealing_duck/kicad/duck.py:40.
WARNING: Random tag iM2lBgdbMP generated for 1N4148.
WARNING: Missing tag on C_Polarized instantiated at /home/dave/dev/angry_squealing_duck/kicad/duck.py:39.
WARNING: Random tag ly6sMpJpO9 generated for C_Polarized.
WARNING: Missing tag on R instantiated at /home/dave/dev/angry_squealing_duck/kicad/duck.py:37.
WARNING: Random tag Bk8HlIWoEx generated for R.
WARNING: Missing tag on R instantiated at /home/dave/dev/angry_squealing_duck/kicad/duck.py:37.
WARNING: Random tag 3NgeJNh3cO generated for R.
WARNING: Missing tag on C_Polarized instantiated at /home/dave/dev/angry_squealing_duck/kicad/duck.py:39.
WARNING: Random tag rg9ERoDMvB generated for C_Polarized.
WARNING: Missing tag on AudioJack2 instantiated at /home/dave/dev/angry_squealing_duck/kicad/duck.py:88.
WARNING: Random tag uQ9nwwnQ_5 generated for AudioJack2.
WARNING: Missing tag on C instantiated at /home/dave/dev/angry_squealing_duck/kicad/duck.py:38.
WARNING: Random tag 72RWRtI5p7 generated for C.
WARNING: Missing tag on R instantiated at /home/dave/dev/angry_squealing_duck/kicad/duck.py:37.
WARNING: Random tag QMLG6Ga0uQ generated for R.
WARNING: Missing tag on R_Potentiometer instantiated at /home/dave/dev/angry_squealing_duck/kicad/duck.py:42.
WARNING: Random tag 5fXQHbIHRA generated for R_Potentiometer.
WARNING: Missing tag on R instantiated at /home/dave/dev/angry_squealing_duck/kicad/duck.py:37.
WARNING: Random tag FHLubsozJY generated for R.
WARNING: Missing tag on C instantiated at /home/dave/dev/angry_squealing_duck/kicad/duck.py:38.
WARNING: Random tag OOQau4aRsl generated for C.
WARNING: Missing tag on R instantiated at /home/dave/dev/angry_squealing_duck/kicad/duck.py:37.
WARNING: Random tag oON_7ywr06 generated for R.
WARNING: Missing tag on R instantiated at /home/dave/dev/angry_squealing_duck/kicad/duck.py:37.
WARNING: Random tag 0eaTSdMkiv generated for R.
WARNING: Missing tag on C instantiated at /home/dave/dev/angry_squealing_duck/kicad/duck.py:38.
WARNING: Random tag EwggTIWkVU generated for C.
WARNING: Missing tag on 1N4148 instantiated at /home/dave/dev/angry_squealing_duck/kicad/duck.py:40.
WARNING: Random tag LCBB1vCAW0 generated for 1N4148.
WARNING: Missing tag on 1N4148 instantiated at /home/dave/dev/angry_squealing_duck/kicad/duck.py:40.
WARNING: Random tag n7McbCw95Y generated for 1N4148.
WARNING: Missing tag on 1N4148 instantiated at /home/dave/dev/angry_squealing_duck/kicad/duck.py:40.
WARNING: Random tag D2hTtSf00h generated for 1N4148.
WARNING: Missing tag on R instantiated at /home/dave/dev/angry_squealing_duck/kicad/duck.py:37.
WARNING: Random tag o70E8Sbu39 generated for R.
WARNING: Missing tag on C instantiated at /home/dave/dev/angry_squealing_duck/kicad/duck.py:38.
WARNING: Random tag wh86WP6wru generated for C.
WARNING: Missing tag on R instantiated at /home/dave/dev/angry_squealing_duck/kicad/duck.py:37.
WARNING: Random tag wIsFUKtaAL generated for R.
WARNING: Missing tag on R instantiated at /home/dave/dev/angry_squealing_duck/kicad/duck.py:37.
WARNING: Random tag E4tlTMUl2i generated for R.
WARNING: Missing tag on C instantiated at /home/dave/dev/angry_squealing_duck/kicad/duck.py:38.
WARNING: Random tag oXIrtZvyKo generated for C.
WARNING: Missing tag on 1N4148 instantiated at /home/dave/dev/angry_squealing_duck/kicad/duck.py:40.
WARNING: Random tag cHGWxko2M0 generated for 1N4148.
WARNING: Missing tag on 1N4148 instantiated at /home/dave/dev/angry_squealing_duck/kicad/duck.py:40.
WARNING: Random tag P2uFIKTYIT generated for 1N4148.
WARNING: Missing tag on 1N4148 instantiated at /home/dave/dev/angry_squealing_duck/kicad/duck.py:40.
WARNING: Random tag POi6GZVcou generated for 1N4148.
WARNING: Missing tag on R instantiated at /home/dave/dev/angry_squealing_duck/kicad/duck.py:37.
WARNING: Random tag e6L4V8Yuf9 generated for R.
WARNING: Missing tag on C instantiated at /home/dave/dev/angry_squealing_duck/kicad/duck.py:38.
WARNING: Random tag 9spGy5tOgx generated for C.
WARNING: Missing tag on R instantiated at /home/dave/dev/angry_squealing_duck/kicad/duck.py:37.
WARNING: Random tag UmoTb8IQkm generated for R.
WARNING: Missing tag on R instantiated at /home/dave/dev/angry_squealing_duck/kicad/duck.py:37.
WARNING: Random tag SbnqN1esPD generated for R.
WARNING: Missing tag on C instantiated at /home/dave/dev/angry_squealing_duck/kicad/duck.py:38.
WARNING: Random tag 3CTkyHTRA0 generated for C.
WARNING: Missing tag on 1N4148 instantiated at /home/dave/dev/angry_squealing_duck/kicad/duck.py:40.
WARNING: Random tag aqTLImNGkP generated for 1N4148.
WARNING: Missing tag on 1N4148 instantiated at /home/dave/dev/angry_squealing_duck/kicad/duck.py:40.
WARNING: Random tag VUoIxPyOnp generated for 1N4148.
WARNING: Missing tag on 1N4148 instantiated at /home/dave/dev/angry_squealing_duck/kicad/duck.py:40.
WARNING: Random tag cYHbXE7OES generated for 1N4148.
WARNING: Missing tag on R instantiated at /home/dave/dev/angry_squealing_duck/kicad/duck.py:37.
WARNING: Random tag nkfjHu0fYy generated for R.
WARNING: Missing tag on C instantiated at /home/dave/dev/angry_squealing_duck/kicad/duck.py:38.
WARNING: Random tag J80GfX7fOQ generated for C.
WARNING: Missing tag on R instantiated at /home/dave/dev/angry_squealing_duck/kicad/duck.py:37.
WARNING: Random tag ClkV51skHT generated for R.
WARNING: Missing tag on R instantiated at /home/dave/dev/angry_squealing_duck/kicad/duck.py:37.
WARNING: Random tag LifNgUAgzl generated for R.
WARNING: Missing tag on 1N4148 instantiated at /home/dave/dev/angry_squealing_duck/kicad/duck.py:40.
WARNING: Random tag AIYsuNCxjP generated for 1N4148.
WARNING: Missing tag on 1N4148 instantiated at /home/dave/dev/angry_squealing_duck/kicad/duck.py:40.
WARNING: Random tag GU61wgoI5X generated for 1N4148.
WARNING: Missing tag on R instantiated at /home/dave/dev/angry_squealing_duck/kicad/duck.py:37.
WARNING: Random tag 0YsNEjBJBi generated for R.
WARNING: Missing tag on R instantiated at /home/dave/dev/angry_squealing_duck/kicad/duck.py:37.
WARNING: Random tag D3uKgN3TLx generated for R.
WARNING: Missing tag on R instantiated at /home/dave/dev/angry_squealing_duck/kicad/duck.py:37.
WARNING: Random tag Z24QEcdkHG generated for R.
WARNING: Missing tag on R instantiated at /home/dave/dev/angry_squealing_duck/kicad/duck.py:37.
WARNING: Random tag bFXio_5x0o generated for R.
WARNING: Missing tag on C_Polarized instantiated at /home/dave/dev/angry_squealing_duck/kicad/duck.py:39.
WARNING: Random tag B1HgLpJH7o generated for C_Polarized.
WARNING: Missing tag on R instantiated at /home/dave/dev/angry_squealing_duck/kicad/duck.py:37.
WARNING: Random tag LI4k1t3ysM generated for R.
WARNING: Missing tag on C_Polarized instantiated at /home/dave/dev/angry_squealing_duck/kicad/duck.py:39.
WARNING: Random tag aIEb_Uq6Mn generated for C_Polarized.
WARNING: Missing tag on C instantiated at /home/dave/dev/angry_squealing_duck/kicad/duck.py:38.
WARNING: Random tag PsHvTBtR7R generated for C.
WARNING: Missing tag on R instantiated at /home/dave/dev/angry_squealing_duck/kicad/duck.py:37.
WARNING: Random tag zU03KtgAc4 generated for R.
WARNING: Missing tag on R instantiated at /home/dave/dev/angry_squealing_duck/kicad/duck.py:37.
WARNING: Random tag e_Rs2hw0RP generated for R.
WARNING: Missing tag on 1N4148 instantiated at /home/dave/dev/angry_squealing_duck/kicad/duck.py:40.
WARNING: Random tag m8wSw10Lum generated for 1N4148.
WARNING: Missing tag on 1N4148 instantiated at /home/dave/dev/angry_squealing_duck/kicad/duck.py:40.
WARNING: Random tag h_dS862UAP generated for 1N4148.
WARNING: Missing tag on R instantiated at /home/dave/dev/angry_squealing_duck/kicad/duck.py:37.
WARNING: Random tag oTkVpMBOu5 generated for R.
WARNING: Missing tag on R instantiated at /home/dave/dev/angry_squealing_duck/kicad/duck.py:37.
WARNING: Random tag 7aXupmrPWL generated for R.
WARNING: Missing tag on R instantiated at /home/dave/dev/angry_squealing_duck/kicad/duck.py:37.
WARNING: Random tag JkLQQzBbYv generated for R.
WARNING: Missing tag on R instantiated at /home/dave/dev/angry_squealing_duck/kicad/duck.py:37.
WARNING: Random tag 9LUO1aki6x generated for R.
WARNING: Missing tag on C instantiated at /home/dave/dev/angry_squealing_duck/kicad/duck.py:38.
WARNING: Random tag yoB6x3Xcsk generated for C.
WARNING: Missing tag on C instantiated at /home/dave/dev/angry_squealing_duck/kicad/duck.py:38.
WARNING: Random tag Bz9hkIjiUd generated for C.
WARNING: Missing tag on R instantiated at /home/dave/dev/angry_squealing_duck/kicad/duck.py:37.
WARNING: Random tag EOV9A7B77j generated for R.
WARNING: Missing tag on R_Potentiometer_Dual_Separate instantiated at /home/dave/dev/angry_squealing_duck/kicad/duck.py:185.
WARNING: Random tag kmrSqTK1Ar generated for R_Potentiometer_Dual_Separate.
WARNING: Missing tag on R instantiated at /home/dave/dev/angry_squealing_duck/kicad/duck.py:37.
WARNING: Random tag 8qq05Z3FYl generated for R.
WARNING: Missing tag on R instantiated at /home/dave/dev/angry_squealing_duck/kicad/duck.py:37.
WARNING: Random tag HlxNPOOkPZ generated for R.
WARNING: Missing tag on R instantiated at /home/dave/dev/angry_squealing_duck/kicad/duck.py:37.
WARNING: Random tag 5y8e1DCtZF generated for R.
WARNING: Missing tag on R instantiated at /home/dave/dev/angry_squealing_duck/kicad/duck.py:37.
WARNING: Random tag qGXOJnX2ZY generated for R.
WARNING: Missing tag on R instantiated at /home/dave/dev/angry_squealing_duck/kicad/duck.py:37.
WARNING: Random tag oNjOIydKVn generated for R.
WARNING: Missing tag on R instantiated at /home/dave/dev/angry_squealing_duck/kicad/duck.py:37.
WARNING: Random tag Uc4ZfzWUwc generated for R.
WARNING: Missing tag on LM13700 instantiated at /home/dave/dev/angry_squealing_duck/kicad/duck.py:206.
WARNING: Random tag OaWJaD2yFu generated for LM13700.
WARNING: Missing tag on R instantiated at /home/dave/dev/angry_squealing_duck/kicad/duck.py:37.
WARNING: Random tag wuIlspnPk9 generated for R.
WARNING: Missing tag on R instantiated at /home/dave/dev/angry_squealing_duck/kicad/duck.py:37.
WARNING: Random tag PX9cyVny97 generated for R.
WARNING: Missing tag on R instantiated at /home/dave/dev/angry_squealing_duck/kicad/duck.py:37.
WARNING: Random tag iVV3Wx8q4P generated for R.
WARNING: Missing tag on R instantiated at /home/dave/dev/angry_squealing_duck/kicad/duck.py:37.
WARNING: Random tag CcgnKr1Oe4 generated for R.
WARNING: Missing tag on R instantiated at /home/dave/dev/angry_squealing_duck/kicad/duck.py:37.
WARNING: Random tag sd7LIcol15 generated for R.
WARNING: Missing tag on R instantiated at /home/dave/dev/angry_squealing_duck/kicad/duck.py:37.
WARNING: Random tag 5qsGCfILi2 generated for R.
WARNING: Missing tag on R instantiated at /home/dave/dev/angry_squealing_duck/kicad/duck.py:37.
WARNING: Random tag 9Z56Py4BrH generated for R.
WARNING: Missing tag on R instantiated at /home/dave/dev/angry_squealing_duck/kicad/duck.py:37.
WARNING: Random tag 3ClVOrM2oY generated for R.
WARNING: Missing tag on R instantiated at /home/dave/dev/angry_squealing_duck/kicad/duck.py:37.
WARNING: Random tag Q9EfSSMm61 generated for R.
WARNING: Missing tag on R instantiated at /home/dave/dev/angry_squealing_duck/kicad/duck.py:37.
WARNING: Random tag AvuxZs_DE4 generated for R.
WARNING: Missing tag on R instantiated at /home/dave/dev/angry_squealing_duck/kicad/duck.py:37.
WARNING: Random tag pgox0LeoJG generated for R.
WARNING: Missing tag on C instantiated at /home/dave/dev/angry_squealing_duck/kicad/duck.py:38.
WARNING: Random tag jx7tldOeeM generated for C.
WARNING: Missing tag on R instantiated at /home/dave/dev/angry_squealing_duck/kicad/duck.py:37.
WARNING: Random tag 1QWn6C5Xd2 generated for R.
WARNING: Missing tag on R instantiated at /home/dave/dev/angry_squealing_duck/kicad/duck.py:37.
WARNING: Random tag 0Mj4rKxCdU generated for R.
WARNING: Missing tag on C instantiated at /home/dave/dev/angry_squealing_duck/kicad/duck.py:38.
WARNING: Random tag StOfzLxwT6 generated for C.
WARNING: Missing tag on R_Potentiometer instantiated at /home/dave/dev/angry_squealing_duck/kicad/duck.py:42.
WARNING: Random tag EzlQMoMnys generated for R_Potentiometer.
WARNING: Missing tag on R instantiated at /home/dave/dev/angry_squealing_duck/kicad/duck.py:37.
WARNING: Random tag 09hpsZG_Ae generated for R.
WARNING: Missing tag on R instantiated at /home/dave/dev/angry_squealing_duck/kicad/duck.py:37.
WARNING: Random tag kZIrPptwaP generated for R.
WARNING: Missing tag on C instantiated at /home/dave/dev/angry_squealing_duck/kicad/duck.py:38.
WARNING: Random tag ElO1qECUvt generated for C.
WARNING: Missing tag on R instantiated at /home/dave/dev/angry_squealing_duck/kicad/duck.py:37.
WARNING: Random tag k9nvUkfaJQ generated for R.
WARNING: Missing tag on R instantiated at /home/dave/dev/angry_squealing_duck/kicad/duck.py:37.
WARNING: Random tag gqrl26UDzO generated for R.
WARNING: Missing tag on R instantiated at /home/dave/dev/angry_squealing_duck/kicad/duck.py:37.
WARNING: Random tag Hm7MKkbL0I generated for R.
WARNING: Missing tag on R instantiated at /home/dave/dev/angry_squealing_duck/kicad/duck.py:37.
WARNING: Random tag YUlgHsfNnt generated for R.
WARNING: Missing tag on R_Potentiometer instantiated at /home/dave/dev/angry_squealing_duck/kicad/duck.py:42.
WARNING: Random tag QOWE2CzNTl generated for R_Potentiometer.
WARNING: Missing tag on AudioJack2 instantiated at /home/dave/dev/angry_squealing_duck/kicad/duck.py:279.
WARNING: Random tag GK1zf__EAS generated for AudioJack2.
WARNING: Missing tag on  instantiated at /home/dave/dev/angry_squealing_duck/<frozen importlib._bootstrap>:488.
INFO: 201 warnings found while generating netlist.
INFO: 0 errors found while generating netlist.

